# JRE version: Java(TM) SE Runtime Environment (8.0_73-b02) (build 1.8.0_73-b02)
# Java VM: Java HotSpot(TM) 64-Bit Server VM (25.73-b02 mixed mode windows-amd64 compressed oops)
Heap:
 PSYoungGen      total 75776K, used 66264K [0x00000000e0000000, 0x00000000e5480000, 0x0000000100000000)
  eden space 65024K, 92% used [0x00000000e0000000,0x00000000e3a96090,0x00000000e3f80000)
  from space 10752K, 58% used [0x00000000e4a00000,0x00000000e50201b0,0x00000000e5480000)
  to   space 10752K, 0% used [0x00000000e3f80000,0x00000000e3f80000,0x00000000e4a00000)
 ParOldGen       total 81408K, used 12954K [0x00000000a0000000, 0x00000000a4f80000, 0x00000000e0000000)
  object space 81408K, 15% used [0x00000000a0000000,0x00000000a0ca6968,0x00000000a4f80000)
 Metaspace       used 32085K, capacity 32814K, committed 33152K, reserved 1077248K
  class space    used 4451K, capacity 4644K, committed 4736K, reserved 1048576K
GC Heap History (10 events):
Event: 25.174 GC heap before
{Heap before GC invocations=1 (full 0):
 PSYoungGen      total 75776K, used 65024K [0x00000000e0000000, 0x00000000e5480000, 0x0000000100000000)
  eden space 65024K, 100% used [0x00000000e0000000,0x00000000e3f80000,0x00000000e3f80000)
  from space 10752K, 0% used [0x00000000e4a00000,0x00000000e4a00000,0x00000000e5480000)
  to   space 10752K, 0% used [0x00000000e3f80000,0x00000000e3f80000,0x00000000e4a00000)
 ParOldGen       total 173568K, used 0K [0x00000000a0000000, 0x00000000aa980000, 0x00000000e0000000)
  object space 173568K, 0% used [0x00000000a0000000,0x00000000a0000000,0x00000000aa980000)
 Metaspace       used 11885K, capacity 12202K, committed 12288K, reserved 1060864K
  class space    used 1613K, capacity 1721K, committed 1792K, reserved 1048576K
Event: 25.205 GC heap after
Heap after GC invocations=1 (full 0):
 PSYoungGen      total 75776K, used 7909K [0x00000000e0000000, 0x00000000e5480000, 0x0000000100000000)
  eden space 65024K, 0% used [0x00000000e0000000,0x00000000e0000000,0x00000000e3f80000)
  from space 10752K, 73% used [0x00000000e3f80000,0x00000000e47394d0,0x00000000e4a00000)
  to   space 10752K, 0% used [0x00000000e4a00000,0x00000000e4a00000,0x00000000e5480000)
 ParOldGen       total 173568K, used 16K [0x00000000a0000000, 0x00000000aa980000, 0x00000000e0000000)
  object space 173568K, 0% used [0x00000000a0000000,0x00000000a0004000,0x00000000aa980000)
 Metaspace       used 11885K, capacity 12202K, committed 12288K, reserved 1060864K
  class space    used 1613K, capacity 1721K, committed 1792K, reserved 1048576K
}
Event: 39.471 GC heap before
{Heap before GC invocations=2 (full 0):
 PSYoungGen      total 75776K, used 71738K [0x00000000e0000000, 0x00000000e5480000, 0x0000000100000000)
  eden space 65024K, 98% used [0x00000000e0000000,0x00000000e3e55368,0x00000000e3f80000)
  from space 10752K, 73% used [0x00000000e3f80000,0x00000000e47394d0,0x00000000e4a00000)
  to   space 10752K, 0% used [0x00000000e4a00000,0x00000000e4a00000,0x00000000e5480000)
 ParOldGen       total 173568K, used 16K [0x00000000a0000000, 0x00000000aa980000, 0x00000000e0000000)
  object space 173568K, 0% used [0x00000000a0000000,0x00000000a0004000,0x00000000aa980000)
 Metaspace       used 20798K, capacity 21228K, committed 21296K, reserved 1067008K
  class space    used 2783K, capacity 2920K, committed 2944K, reserved 1048576K
Event: 39.480 GC heap after
Heap after GC invocations=2 (full 0):
 PSYoungGen      total 75776K, used 10745K [0x00000000e0000000, 0x00000000e5480000, 0x0000000100000000)
  eden space 65024K, 0% used [0x00000000e0000000,0x00000000e0000000,0x00000000e3f80000)
  from space 10752K, 99% used [0x00000000e4a00000,0x00000000e547e420,0x00000000e5480000)
  to   space 10752K, 0% used [0x00000000e3f80000,0x00000000e3f80000,0x00000000e4a00000)
 ParOldGen       total 173568K, used 2657K [0x00000000a0000000, 0x00000000aa980000, 0x00000000e0000000)
  object space 173568K, 1% used [0x00000000a0000000,0x00000000a0298488,0x00000000aa980000)
 Metaspace       used 20798K, capacity 21228K, committed 21296K, reserved 1067008K
  class space    used 2783K, capacity 2920K, committed 2944K, reserved 1048576K
}
Event: 39.480 GC heap before
{Heap before GC invocations=3 (full 1):
 PSYoungGen      total 75776K, used 10745K [0x00000000e0000000, 0x00000000e5480000, 0x0000000100000000)
  eden space 65024K, 0% used [0x00000000e0000000,0x00000000e0000000,0x00000000e3f80000)
  from space 10752K, 99% used [0x00000000e4a00000,0x00000000e547e420,0x00000000e5480000)
  to   space 10752K, 0% used [0x00000000e3f80000,0x00000000e3f80000,0x00000000e4a00000)
 ParOldGen       total 173568K, used 2657K [0x00000000a0000000, 0x00000000aa980000, 0x00000000e0000000)
  object space 173568K, 1% used [0x00000000a0000000,0x00000000a0298488,0x00000000aa980000)
 Metaspace       used 20798K, capacity 21228K, committed 21296K, reserved 1067008K
  class space    used 2783K, capacity 2920K, committed 2944K, reserved 1048576K
Event: 39.549 GC heap after
Heap after GC invocations=3 (full 1):
 PSYoungGen      total 75776K, used 0K [0x00000000e0000000, 0x00000000e5480000, 0x0000000100000000)
  eden space 65024K, 0% used [0x00000000e0000000,0x00000000e0000000,0x00000000e3f80000)
  from space 10752K, 0% used [0x00000000e4a00000,0x00000000e4a00000,0x00000000e5480000)
  to   space 10752K, 0% used [0x00000000e3f80000,0x00000000e3f80000,0x00000000e4a00000)
 ParOldGen       total 81408K, used 12946K [0x00000000a0000000, 0x00000000a4f80000, 0x00000000e0000000)
  object space 81408K, 15% used [0x00000000a0000000,0x00000000a0ca4968,0x00000000a4f80000)
 Metaspace       used 20798K, capacity 21228K, committed 21296K, reserved 1067008K
  class space    used 2783K, capacity 2920K, committed 2944K, reserved 1048576K
}
Event: 44.853 GC heap before
{Heap before GC invocations=4 (full 1):
 PSYoungGen      total 75776K, used 65024K [0x00000000e0000000, 0x00000000e5480000, 0x0000000100000000)
  eden space 65024K, 100% used [0x00000000e0000000,0x00000000e3f80000,0x00000000e3f80000)
  from space 10752K, 0% used [0x00000000e4a00000,0x00000000e4a00000,0x00000000e5480000)
  to   space 10752K, 0% used [0x00000000e3f80000,0x00000000e3f80000,0x00000000e4a00000)
 ParOldGen       total 81408K, used 12946K [0x00000000a0000000, 0x00000000a4f80000, 0x00000000e0000000)
  object space 81408K, 15% used [0x00000000a0000000,0x00000000a0ca4968,0x00000000a4f80000)
 Metaspace       used 25835K, capacity 26374K, committed 26624K, reserved 1073152K
  class space    used 3643K, capacity 3775K, committed 3840K, reserved 1048576K
Event: 44.857 GC heap after
Heap after GC invocations=4 (full 1):
 PSYoungGen      total 75776K, used 7631K [0x00000000e0000000, 0x00000000e5480000, 0x0000000100000000)
  eden space 65024K, 0% used [0x00000000e0000000,0x00000000e0000000,0x00000000e3f80000)
  from space 10752K, 70% used [0x00000000e3f80000,0x00000000e46f3d48,0x00000000e4a00000)
  to   space 10752K, 0% used [0x00000000e4a00000,0x00000000e4a00000,0x00000000e5480000)
 ParOldGen       total 81408K, used 12946K [0x00000000a0000000, 0x00000000a4f80000, 0x00000000e0000000)
  object space 81408K, 15% used [0x00000000a0000000,0x00000000a0ca4968,0x00000000a4f80000)
 Metaspace       used 25835K, capacity 26374K, committed 26624K, reserved 1073152K
  class space    used 3643K, capacity 3775K, committed 3840K, reserved 1048576K
}
Event: 50.120 GC heap before
{Heap before GC invocations=5 (full 1):
 PSYoungGen      total 75776K, used 72655K [0x00000000e0000000, 0x00000000e5480000, 0x0000000100000000)
  eden space 65024K, 100% used [0x00000000e0000000,0x00000000e3f80000,0x00000000e3f80000)
  from space 10752K, 70% used [0x00000000e3f80000,0x00000000e46f3d48,0x00000000e4a00000)
  to   space 10752K, 0% used [0x00000000e4a00000,0x00000000e4a00000,0x00000000e5480000)
 ParOldGen       total 81408K, used 12946K [0x00000000a0000000, 0x00000000a4f80000, 0x00000000e0000000)
  object space 81408K, 15% used [0x00000000a0000000,0x00000000a0ca4968,0x00000000a4f80000)
 Metaspace       used 28243K, capacity 28862K, committed 29056K, reserved 1075200K
  class space    used 3955K, capacity 4131K, committed 4224K, reserved 1048576K
Event: 50.124 GC heap after
Heap after GC invocations=5 (full 1):
 PSYoungGen      total 75776K, used 6272K [0x00000000e0000000, 0x00000000e5480000, 0x0000000100000000)
  eden space 65024K, 0% used [0x00000000e0000000,0x00000000e0000000,0x00000000e3f80000)
  from space 10752K, 58% used [0x00000000e4a00000,0x00000000e50201b0,0x00000000e5480000)
  to   space 10752K, 0% used [0x00000000e3f80000,0x00000000e3f80000,0x00000000e4a00000)
 ParOldGen       total 81408K, used 12954K [0x00000000a0000000, 0x00000000a4f80000, 0x00000000e0000000)
  object space 81408K, 15% used [0x00000000a0000000,0x00000000a0ca6968,0x00000000a4f80000)
 Metaspace       used 28243K, capacity 28862K, committed 29056K, reserved 1075200K
  class space    used 3955K, capacity 4131K, committed 4224K, reserved 1048576K
}

