# JRE version: Java(TM) SE Runtime Environment (8.0_73-b02) (build 1.8.0_73-b02)
# Java VM: Java HotSpot(TM) 64-Bit Server VM (25.73-b02 mixed mode windows-amd64 compressed oops)
Heap:
 PSYoungGen      total 459264K, used 116124K [0x00000000e0000000, 0x0000000100000000, 0x0000000100000000)
  eden space 398848K, 29% used [0x00000000e0000000,0x00000000e71671e0,0x00000000f8580000)
  from space 60416K, 0% used [0x00000000f8580000,0x00000000f8580000,0x00000000fc080000)
  to   space 59904K, 0% used [0x00000000fc580000,0x00000000fc580000,0x0000000100000000)
 ParOldGen       total 271360K, used 56023K [0x00000000a0000000, 0x00000000b0900000, 0x00000000e0000000)
  object space 271360K, 20% used [0x00000000a0000000,0x00000000a36b5f58,0x00000000b0900000)
 Metaspace       used 70940K, capacity 73732K, committed 73856K, reserved 1114112K
  class space    used 9226K, capacity 9763K, committed 9856K, reserved 1048576K
GC Heap History (10 events):
Event: 1175.787 GC heap before
{Heap before GC invocations=28 (full 6):
 PSYoungGen      total 460288K, used 160K [0x00000000e0000000, 0x0000000100000000, 0x0000000100000000)
  eden space 397312K, 0% used [0x00000000e0000000,0x00000000e0000000,0x00000000f8400000)
  from space 62976K, 0% used [0x00000000fc280000,0x00000000fc2a8000,0x0000000100000000)
  to   space 63488K, 0% used [0x00000000f8400000,0x00000000f8400000,0x00000000fc200000)
 ParOldGen       total 271360K, used 175417K [0x00000000a0000000, 0x00000000b0900000, 0x00000000e0000000)
  object space 271360K, 64% used [0x00000000a0000000,0x00000000aab4e4f8,0x00000000b0900000)
 Metaspace       used 69818K, capacity 72332K, committed 72448K, reserved 1112064K
  class space    used 9164K, capacity 9691K, committed 9728K, reserved 1048576K
Event: 1175.981 GC heap after
Heap after GC invocations=28 (full 6):
 PSYoungGen      total 460288K, used 0K [0x00000000e0000000, 0x0000000100000000, 0x0000000100000000)
  eden space 397312K, 0% used [0x00000000e0000000,0x00000000e0000000,0x00000000f8400000)
  from space 62976K, 0% used [0x00000000fc280000,0x00000000fc280000,0x0000000100000000)
  to   space 63488K, 0% used [0x00000000f8400000,0x00000000f8400000,0x00000000fc200000)
 ParOldGen       total 271360K, used 55753K [0x00000000a0000000, 0x00000000b0900000, 0x00000000e0000000)
  object space 271360K, 20% used [0x00000000a0000000,0x00000000a36727a0,0x00000000b0900000)
 Metaspace       used 69818K, capacity 72332K, committed 72448K, reserved 1112064K
  class space    used 9164K, capacity 9691K, committed 9728K, reserved 1048576K
}
Event: 1374.410 GC heap before
{Heap before GC invocations=29 (full 6):
 PSYoungGen      total 460288K, used 397312K [0x00000000e0000000, 0x0000000100000000, 0x0000000100000000)
  eden space 397312K, 100% used [0x00000000e0000000,0x00000000f8400000,0x00000000f8400000)
  from space 62976K, 0% used [0x00000000fc280000,0x00000000fc280000,0x0000000100000000)
  to   space 63488K, 0% used [0x00000000f8400000,0x00000000f8400000,0x00000000fc200000)
 ParOldGen       total 271360K, used 55753K [0x00000000a0000000, 0x00000000b0900000, 0x00000000e0000000)
  object space 271360K, 20% used [0x00000000a0000000,0x00000000a36727a0,0x00000000b0900000)
 Metaspace       used 70623K, capacity 73312K, committed 73600K, reserved 1114112K
  class space    used 9212K, capacity 9743K, committed 9856K, reserved 1048576K
Event: 1374.418 GC heap after
Heap after GC invocations=29 (full 6):
 PSYoungGen      total 406528K, used 9096K [0x00000000e0000000, 0x00000000ffc80000, 0x0000000100000000)
  eden space 397312K, 0% used [0x00000000e0000000,0x00000000e0000000,0x00000000f8400000)
  from space 9216K, 98% used [0x00000000f8400000,0x00000000f8ce2340,0x00000000f8d00000)
  to   space 61440K, 0% used [0x00000000fc080000,0x00000000fc080000,0x00000000ffc80000)
 ParOldGen       total 271360K, used 55761K [0x00000000a0000000, 0x00000000b0900000, 0x00000000e0000000)
  object space 271360K, 20% used [0x00000000a0000000,0x00000000a36747a0,0x00000000b0900000)
 Metaspace       used 70623K, capacity 73312K, committed 73600K, reserved 1114112K
  class space    used 9212K, capacity 9743K, committed 9856K, reserved 1048576K
}
Event: 1374.606 GC heap before
{Heap before GC invocations=30 (full 6):
 PSYoungGen      total 406528K, used 405388K [0x00000000e0000000, 0x00000000ffc80000, 0x0000000100000000)
  eden space 397312K, 99% used [0x00000000e0000000,0x00000000f8300cf0,0x00000000f8400000)
  from space 9216K, 98% used [0x00000000f8400000,0x00000000f8ce2340,0x00000000f8d00000)
  to   space 61440K, 0% used [0x00000000fc080000,0x00000000fc080000,0x00000000ffc80000)
 ParOldGen       total 271360K, used 55761K [0x00000000a0000000, 0x00000000b0900000, 0x00000000e0000000)
  object space 271360K, 20% used [0x00000000a0000000,0x00000000a36747a0,0x00000000b0900000)
 Metaspace       used 70672K, capacity 73376K, committed 73600K, reserved 1114112K
  class space    used 9212K, capacity 9743K, committed 9856K, reserved 1048576K
Event: 1374.625 GC heap after
Heap after GC invocations=30 (full 6):
 PSYoungGen      total 460288K, used 5115K [0x00000000e0000000, 0x0000000100000000, 0x0000000100000000)
  eden space 398848K, 0% used [0x00000000e0000000,0x00000000e0000000,0x00000000f8580000)
  from space 61440K, 8% used [0x00000000fc080000,0x00000000fc57ef60,0x00000000ffc80000)
  to   space 60416K, 0% used [0x00000000f8580000,0x00000000f8580000,0x00000000fc080000)
 ParOldGen       total 271360K, used 62777K [0x00000000a0000000, 0x00000000b0900000, 0x00000000e0000000)
  object space 271360K, 23% used [0x00000000a0000000,0x00000000a3d4e4f0,0x00000000b0900000)
 Metaspace       used 70672K, capacity 73376K, committed 73600K, reserved 1114112K
  class space    used 9212K, capacity 9743K, committed 9856K, reserved 1048576K
}
Event: 1374.701 GC heap before
{Heap before GC invocations=31 (full 6):
 PSYoungGen      total 460288K, used 125780K [0x00000000e0000000, 0x0000000100000000, 0x0000000100000000)
  eden space 398848K, 30% used [0x00000000e0000000,0x00000000e75d6210,0x00000000f8580000)
  from space 61440K, 8% used [0x00000000fc080000,0x00000000fc57ef60,0x00000000ffc80000)
  to   space 60416K, 0% used [0x00000000f8580000,0x00000000f8580000,0x00000000fc080000)
 ParOldGen       total 271360K, used 62777K [0x00000000a0000000, 0x00000000b0900000, 0x00000000e0000000)
  object space 271360K, 23% used [0x00000000a0000000,0x00000000a3d4e4f0,0x00000000b0900000)
 Metaspace       used 70698K, capacity 73440K, committed 73600K, reserved 1114112K
  class space    used 9212K, capacity 9743K, committed 9856K, reserved 1048576K
Event: 1374.703 GC heap after
Heap after GC invocations=31 (full 6):
 PSYoungGen      total 459264K, used 128K [0x00000000e0000000, 0x0000000100000000, 0x0000000100000000)
  eden space 398848K, 0% used [0x00000000e0000000,0x00000000e0000000,0x00000000f8580000)
  from space 60416K, 0% used [0x00000000f8580000,0x00000000f85a0000,0x00000000fc080000)
  to   space 59904K, 0% used [0x00000000fc580000,0x00000000fc580000,0x0000000100000000)
 ParOldGen       total 271360K, used 62809K [0x00000000a0000000, 0x00000000b0900000, 0x00000000e0000000)
  object space 271360K, 23% used [0x00000000a0000000,0x00000000a3d564f0,0x00000000b0900000)
 Metaspace       used 70698K, capacity 73440K, committed 73600K, reserved 1114112K
  class space    used 9212K, capacity 9743K, committed 9856K, reserved 1048576K
}
Event: 1374.703 GC heap before
{Heap before GC invocations=32 (full 7):
 PSYoungGen      total 459264K, used 128K [0x00000000e0000000, 0x0000000100000000, 0x0000000100000000)
  eden space 398848K, 0% used [0x00000000e0000000,0x00000000e0000000,0x00000000f8580000)
  from space 60416K, 0% used [0x00000000f8580000,0x00000000f85a0000,0x00000000fc080000)
  to   space 59904K, 0% used [0x00000000fc580000,0x00000000fc580000,0x0000000100000000)
 ParOldGen       total 271360K, used 62809K [0x00000000a0000000, 0x00000000b0900000, 0x00000000e0000000)
  object space 271360K, 23% used [0x00000000a0000000,0x00000000a3d564f0,0x00000000b0900000)
 Metaspace       used 70698K, capacity 73440K, committed 73600K, reserved 1114112K
  class space    used 9212K, capacity 9743K, committed 9856K, reserved 1048576K
Event: 1374.955 GC heap after
Heap after GC invocations=32 (full 7):
 PSYoungGen      total 459264K, used 0K [0x00000000e0000000, 0x0000000100000000, 0x0000000100000000)
  eden space 398848K, 0% used [0x00000000e0000000,0x00000000e0000000,0x00000000f8580000)
  from space 60416K, 0% used [0x00000000f8580000,0x00000000f8580000,0x00000000fc080000)
  to   space 59904K, 0% used [0x00000000fc580000,0x00000000fc580000,0x0000000100000000)
 ParOldGen       total 271360K, used 56023K [0x00000000a0000000, 0x00000000b0900000, 0x00000000e0000000)
  object space 271360K, 20% used [0x00000000a0000000,0x00000000a36b5f58,0x00000000b0900000)
 Metaspace       used 70698K, capacity 73440K, committed 73600K, reserved 1114112K
  class space    used 9212K, capacity 9743K, committed 9856K, reserved 1048576K
}

